TN:
SF:src/auth.ts
FN:36,getAccessToken
FN:91,getTokenStatus
FNF:2
FNH:2
FNDA:96,getAccessToken
FNDA:4,getTokenStatus
DA:19,3
DA:20,3
DA:22,3
DA:37,96
DA:38,96
DA:39,92
DA:41,92
DA:42,90
DA:46,6
DA:47,6
DA:48,1
DA:54,5
DA:65,5
DA:66,1
DA:67,1
DA:74,4
DA:79,4
DA:83,4
DA:87,4
DA:96,4
DA:97,4
DA:98,4
DA:99,4
LF:23
LH:23
BRDA:38,0,0,92
BRDA:38,0,1,4
BRDA:41,1,0,90
BRDA:41,1,1,2
BRDA:47,2,0,1
BRDA:47,2,1,5
BRDA:65,3,0,1
BRDA:65,3,1,4
BRDA:98,4,0,2
BRDA:98,4,1,2
BRDA:102,5,0,4
BRDA:102,5,1,2
BRF:12
BRH:12
end_of_record
TN:
SF:src/data-types.ts
FNF:0
FNH:0
DA:14,1
LF:1
LH:1
BRF:0
BRH:0
end_of_record
TN:
SF:src/google-health-client.ts
FN:20,constructor
FN:25,callGoogleHealth
FN:56,civilDateParts
FN:62,civilTimeFilter
FN:67,getDailyRollUp
FN:86,listDataPoints
FN:98,listDataPointsUnfiltered
FN:106,listAllDataPointsUnfiltered
FN:128,reconcileDataPoints
FNF:9
FNH:9
FNDA:35,constructor
FNDA:89,callGoogleHealth
FNDA:66,civilDateParts
FNDA:16,civilTimeFilter
FNDA:33,getDailyRollUp
FNDA:12,listDataPoints
FNDA:28,listDataPointsUnfiltered
FNDA:9,listAllDataPointsUnfiltered
FNDA:4,reconcileDataPoints
DA:17,2
DA:20,35
DA:21,35
DA:31,89
DA:32,89
DA:33,89
DA:34,19
DA:35,19
DA:39,89
DA:48,89
DA:49,34
DA:50,34
DA:53,55
DA:57,66
DA:58,66
DA:64,16
DA:73,33
DA:92,12
DA:102,28
DA:110,9
DA:113,9
DA:114,12
DA:115,12
DA:116,12
DA:121,11
DA:122,11
DA:125,8
DA:134,4
LF:28
LH:28
BRDA:33,0,0,19
BRDA:33,0,1,70
BRDA:40,1,0,33
BRDA:40,1,1,56
BRDA:43,2,0,33
BRDA:43,2,1,56
BRDA:45,3,0,33
BRDA:45,3,1,56
BRDA:48,4,0,34
BRDA:48,4,1,55
BRDA:115,5,0,3
BRDA:115,5,1,9
BRDA:119,6,0,3
BRDA:119,6,1,9
BRDA:121,7,0,10
BRDA:121,7,1,1
BRF:16
BRH:16
end_of_record
TN:
SF:src/tools.ts
FN:27,dateParam
FN:34,errorResult
FN:47,jsonResult
FN:53,registerTools
FN:60,(anonymous_4)
FN:74,(anonymous_5)
FN:92,(anonymous_6)
FN:107,(anonymous_7)
FN:125,(anonymous_8)
FN:132,(anonymous_9)
FN:150,(anonymous_10)
FN:166,(anonymous_11)
FN:183,(anonymous_12)
FN:201,(anonymous_13)
FN:229,(anonymous_14)
FN:245,(anonymous_15)
FN:259,(anonymous_16)
FN:276,(anonymous_17)
FN:290,(anonymous_18)
FN:304,(anonymous_19)
FN:318,(anonymous_20)
FN:332,(anonymous_21)
FN:350,(anonymous_22)
FN:369,(anonymous_23)
FN:387,(anonymous_24)
FN:406,(anonymous_25)
FN:421,(anonymous_26)
FN:437,(anonymous_27)
FN:454,(anonymous_28)
FN:469,(anonymous_29)
FN:487,(anonymous_30)
FN:507,(anonymous_31)
FN:525,(anonymous_32)
FNF:33
FNH:33
FNDA:2808,dateParam
FNDA:21,errorResult
FNDA:31,jsonResult
FNDA:52,registerTools
FNDA:1,(anonymous_4)
FNDA:2,(anonymous_5)
FNDA:1,(anonymous_6)
FNDA:1,(anonymous_7)
FNDA:5,(anonymous_8)
FNDA:8,(anonymous_9)
FNDA:1,(anonymous_10)
FNDA:1,(anonymous_11)
FNDA:1,(anonymous_12)
FNDA:2,(anonymous_13)
FNDA:1,(anonymous_14)
FNDA:2,(anonymous_15)
FNDA:2,(anonymous_16)
FNDA:2,(anonymous_17)
FNDA:2,(anonymous_18)
FNDA:2,(anonymous_19)
FNDA:2,(anonymous_20)
FNDA:2,(anonymous_21)
FNDA:2,(anonymous_22)
FNDA:2,(anonymous_23)
FNDA:2,(anonymous_24)
FNDA:2,(anonymous_25)
FNDA:2,(anonymous_26)
FNDA:2,(anonymous_27)
FNDA:2,(anonymous_28)
FNDA:2,(anonymous_29)
FNDA:2,(anonymous_30)
FNDA:2,(anonymous_31)
FNDA:2,(anonymous_32)
DA:28,2808
DA:36,21
DA:41,21
DA:48,31
DA:54,52
DA:61,1
DA:62,1
DA:63,1
DA:65,0
DA:70,52
DA:75,2
DA:76,2
DA:81,1
DA:83,1
DA:88,52
DA:93,1
DA:94,1
DA:95,1
DA:97,0
DA:102,52
DA:108,1
DA:109,1
DA:113,1
DA:115,0
DA:120,52
DA:126,5
DA:127,5
DA:128,4
DA:129,4
DA:130,4
DA:133,8
DA:134,8
DA:135,7
DA:136,7
DA:139,5
DA:141,1
DA:146,52
DA:151,1
DA:154,1
DA:155,1
DA:157,0
DA:162,52
DA:167,1
DA:168,1
DA:172,1
DA:174,0
DA:179,52
DA:184,1
DA:185,1
DA:186,1
DA:188,0
DA:193,52
DA:202,2
DA:203,2
DA:204,1
DA:206,1
DA:217,52
DA:230,1
DA:231,1
DA:232,1
DA:234,0
DA:241,52
DA:246,2
DA:247,2
DA:248,1
DA:250,1
DA:255,52
DA:260,2
DA:261,2
DA:265,1
DA:267,1
DA:272,52
DA:277,2
DA:278,2
DA:279,1
DA:281,1
DA:286,52
DA:291,2
DA:292,2
DA:293,1
DA:295,1
DA:300,52
DA:305,2
DA:306,2
DA:307,1
DA:309,1
DA:314,52
DA:319,2
DA:320,2
DA:321,1
DA:323,1
DA:328,52
DA:333,2
DA:334,2
DA:335,1
DA:337,1
DA:344,52
DA:351,2
DA:352,2
DA:357,1
DA:359,1
DA:364,52
DA:370,2
DA:371,2
DA:375,1
DA:377,1
DA:382,52
DA:388,2
DA:389,2
DA:394,1
DA:396,1
DA:401,52
DA:407,2
DA:408,2
DA:409,1
DA:411,1
DA:416,52
DA:422,2
DA:423,2
DA:424,1
DA:426,1
DA:433,52
DA:438,2
DA:439,2
DA:443,1
DA:445,1
DA:450,52
DA:455,2
DA:456,2
DA:457,1
DA:459,1
DA:464,52
DA:470,2
DA:471,2
DA:475,1
DA:477,1
DA:482,52
DA:488,2
DA:489,2
DA:493,1
DA:495,1
DA:502,52
DA:508,2
DA:509,2
DA:513,1
DA:515,1
DA:520,52
DA:526,2
DA:527,2
DA:528,1
DA:530,1
LF:151
LH:144
BRDA:36,0,0,21
BRDA:36,0,1,0
BRDA:38,1,0,0
BRDA:38,1,1,0
BRDA:132,2,0,4
BRDA:132,2,1,0
BRDA:134,3,0,1
BRDA:134,3,1,7
BRDA:136,4,0,7
BRDA:136,4,1,5
BRF:10
BRH:6
end_of_record
